<?xml version="1.0" encoding="UTF-8"?>
<!-- Generated by org.testng.reporters.JUnitReportReporter -->
<testsuite skipped="0" hostname="DESKTOP-A15AP0F" name="Selenium4Version.Selenium_4_Version.ScreenshotCapture_of_WebElement" tests="1" failures="0" timestamp="2021-07-02T17:21:35 IST" time="42.401" errors="0">
  <testcase name="takeScreenshotofElement" time="42.401" classname="Selenium4Version.Selenium_4_Version.ScreenshotCapture_of_WebElement"/>
  <system-out/>
</testsuite> <!-- Selenium4Version.Selenium_4_Version.ScreenshotCapture_of_WebElement -->
