<?xml version="1.0" encoding="UTF-8"?>
<!-- Generated by org.testng.reporters.JUnitReportReporter -->
<testsuite skipped="0" hostname="DESKTOP-A15AP0F" name="Selenium4Version.Selenium_4_Version.NewTab_NewBrowser" tests="2" failures="0" timestamp="2021-07-02T17:51:09 IST" time="48.026" errors="0">
  <testcase name="openNewTab" time="34.815" classname="Selenium4Version.Selenium_4_Version.NewTab_NewBrowser"/>
  <system-out/>
  <testcase name="openNewWindow" time="13.211" classname="Selenium4Version.Selenium_4_Version.NewTab_NewBrowser"/>
  <system-out/>
</testsuite> <!-- Selenium4Version.Selenium_4_Version.NewTab_NewBrowser -->
